iisc.dsl.codd.DatalessException: Database Engine TPC_DS is not accepting connections
	at iisc.dsl.codd.db.postgres.PostgresDatabase.connect(PostgresDatabase.java:165)
	at iisc.dsl.codd.db.DatabaseAbstract.<init>(DatabaseAbstract.java:88)
	at iisc.dsl.codd.db.postgres.PostgresDatabase.<init>(PostgresDatabase.java:79)
	at iisc.dsl.codd.client.ConnectDBFrame.jButton1ActionPerformed(ConnectDBFrame.java:702)
	at iisc.dsl.codd.client.ConnectDBFrame.access$7(ConnectDBFrame.java:681)
	at iisc.dsl.codd.client.ConnectDBFrame$8.actionPerformed(ConnectDBFrame.java:585)
	at java.desktop/javax.swing.AbstractButton.fireActionPerformed(AbstractButton.java:1967)
	at java.desktop/javax.swing.AbstractButton$Handler.actionPerformed(AbstractButton.java:2308)
	at java.desktop/javax.swing.DefaultButtonModel.fireActionPerformed(DefaultButtonModel.java:405)
	at java.desktop/javax.swing.DefaultButtonModel.setPressed(DefaultButtonModel.java:262)
	at java.desktop/javax.swing.plaf.basic.BasicButtonListener.mouseReleased(BasicButtonListener.java:279)
	at java.desktop/java.awt.AWTEventMulticaster.mouseReleased(AWTEventMulticaster.java:297)
	at java.desktop/java.awt.Component.processMouseEvent(Component.java:6632)
	at java.desktop/javax.swing.JComponent.processMouseEvent(JComponent.java:3342)
	at java.desktop/java.awt.Component.processEvent(Component.java:6397)
	at java.desktop/java.awt.Container.processEvent(Container.java:2263)
	at java.desktop/java.awt.Component.dispatchEventImpl(Component.java:5008)
	at java.desktop/java.awt.Container.dispatchEventImpl(Container.java:2321)
	at java.desktop/java.awt.Component.dispatchEvent(Component.java:4840)
	at java.desktop/java.awt.LightweightDispatcher.retargetMouseEvent(Container.java:4918)
	at java.desktop/java.awt.LightweightDispatcher.processMouseEvent(Container.java:4547)
	at java.desktop/java.awt.LightweightDispatcher.dispatchEvent(Container.java:4488)
	at java.desktop/java.awt.Container.dispatchEventImpl(Container.java:2307)
	at java.desktop/java.awt.Window.dispatchEventImpl(Window.java:2772)
	at java.desktop/java.awt.Component.dispatchEvent(Component.java:4840)
	at java.desktop/java.awt.EventQueue.dispatchEventImpl(EventQueue.java:772)
	at java.desktop/java.awt.EventQueue$4.run(EventQueue.java:721)
	at java.desktop/java.awt.EventQueue$4.run(EventQueue.java:715)
	at java.base/java.security.AccessController.doPrivileged(Native Method)
	at java.base/java.security.ProtectionDomain$JavaSecurityAccessImpl.doIntersectionPrivilege(ProtectionDomain.java:85)
	at java.base/java.security.ProtectionDomain$JavaSecurityAccessImpl.doIntersectionPrivilege(ProtectionDomain.java:95)
	at java.desktop/java.awt.EventQueue$5.run(EventQueue.java:745)
	at java.desktop/java.awt.EventQueue$5.run(EventQueue.java:743)
	at java.base/java.security.AccessController.doPrivileged(Native Method)
	at java.base/java.security.ProtectionDomain$JavaSecurityAccessImpl.doIntersectionPrivilege(ProtectionDomain.java:85)
	at java.desktop/java.awt.EventQueue.dispatchEvent(EventQueue.java:742)
	at java.desktop/java.awt.EventDispatchThread.pumpOneEventForFilters(EventDispatchThread.java:203)
	at java.desktop/java.awt.EventDispatchThread.pumpEventsForFilter(EventDispatchThread.java:124)
	at java.desktop/java.awt.EventDispatchThread.pumpEventsForHierarchy(EventDispatchThread.java:113)
	at java.desktop/java.awt.EventDispatchThread.pumpEvents(EventDispatchThread.java:109)
	at java.desktop/java.awt.EventDispatchThread.pumpEvents(EventDispatchThread.java:101)
	at java.desktop/java.awt.EventDispatchThread.run(EventDispatchThread.java:90)

Connected to database. 
	null
	select relname from pg_stat_user_tables where schemaname = 'public' order by relname
	call_center
	catalog_page
	catalog_returns
	catalog_sales
	customer
	customer_address
	customer_demographics
	date_dim
	dbgen_version
	household_demographics
	income_band
	inventory
	item
	promotion
	reason
	ship_mode
	store
	store_returns
	store_sales
	time_dim
	warehouse
	web_page
	web_returns
	web_sales
	web_site
	CALL_CENTER
	CATALOG_PAGE
	CATALOG_RETURNS
	CATALOG_SALES
	CUSTOMER
	CUSTOMER_ADDRESS
	CUSTOMER_DEMOGRAPHICS
	DATE_DIM
	DBGEN_VERSION
	HOUSEHOLD_DEMOGRAPHICS
	INCOME_BAND
	INVENTORY
	ITEM
	PROMOTION
	REASON
	SHIP_MODE
	STORE
	STORE_RETURNS
	STORE_SALES
	TIME_DIM
	WAREHOUSE
	WEB_PAGE
	WEB_RETURNS
	WEB_SALES
	WEB_SITE
	select relname from pg_stat_user_tables where schemaname = 'public' order by relname
	call_center
	catalog_page
	catalog_returns
	catalog_sales
	customer
	customer_address
	customer_demographics
	date_dim
	dbgen_version
	household_demographics
	income_band
	inventory
	item
	promotion
	reason
	ship_mode
	store
	store_returns
	store_sales
	time_dim
	warehouse
	web_page
	web_returns
	web_sales
	web_site
